The system is: Linux - 4.19.0-9-amd64 - x86_64
Compiling the C compiler identification source file "CMakeCCompilerId.c" succeeded.
Compiler: /usr/local/bin/clang 
Build flags: 
Id flags:  

The output was:
0


Compilation of the C compiler identification source "CMakeCCompilerId.c" produced "a.out"

The C compiler identification is Clang, found in "/home/vagrant/hello-world-pass/build/CMakeFiles/3.17.3/CompilerIdC/a.out"

Compiling the CXX compiler identification source file "CMakeCXXCompilerId.cpp" succeeded.
Compiler: /usr/local/bin/clang++ 
Build flags: 
Id flags:  

The output was:
0


Compilation of the CXX compiler identification source "CMakeCXXCompilerId.cpp" produced "a.out"

The CXX compiler identification is Clang, found in "/home/vagrant/hello-world-pass/build/CMakeFiles/3.17.3/CompilerIdCXX/a.out"

Determining if the C compiler works passed with the following output:
Change Dir: /home/vagrant/hello-world-pass/build/CMakeFiles/CMakeTmp

Run Build Command(s):/usr/bin/make cmTC_80af9/fast && /usr/bin/make  -f CMakeFiles/cmTC_80af9.dir/build.make CMakeFiles/cmTC_80af9.dir/build
make[1]: Entering directory '/home/vagrant/hello-world-pass/build/CMakeFiles/CMakeTmp'
Building C object CMakeFiles/cmTC_80af9.dir/testCCompiler.c.o
/usr/local/bin/clang    -o CMakeFiles/cmTC_80af9.dir/testCCompiler.c.o   -c /home/vagrant/hello-world-pass/build/CMakeFiles/CMakeTmp/testCCompiler.c
Linking C executable cmTC_80af9
/usr/local/bin/cmake -E cmake_link_script CMakeFiles/cmTC_80af9.dir/link.txt --verbose=1
/usr/local/bin/clang      CMakeFiles/cmTC_80af9.dir/testCCompiler.c.o  -o cmTC_80af9 
make[1]: Leaving directory '/home/vagrant/hello-world-pass/build/CMakeFiles/CMakeTmp'



Detecting C compiler ABI info compiled with the following output:
Change Dir: /home/vagrant/hello-world-pass/build/CMakeFiles/CMakeTmp

Run Build Command(s):/usr/bin/make cmTC_923e9/fast && /usr/bin/make  -f CMakeFiles/cmTC_923e9.dir/build.make CMakeFiles/cmTC_923e9.dir/build
make[1]: Entering directory '/home/vagrant/hello-world-pass/build/CMakeFiles/CMakeTmp'
Building C object CMakeFiles/cmTC_923e9.dir/CMakeCCompilerABI.c.o
/usr/local/bin/clang   -v -o CMakeFiles/cmTC_923e9.dir/CMakeCCompilerABI.c.o   -c /usr/local/share/cmake-3.17/Modules/CMakeCCompilerABI.c
clang version 8.0.1 (tags/RELEASE_801/final)
Target: x86_64-unknown-linux-gnu
Thread model: posix
InstalledDir: /usr/local/bin
Found candidate GCC installation: /usr/lib/gcc/x86_64-linux-gnu/8
Selected GCC installation: /usr/lib/gcc/x86_64-linux-gnu/8
Candidate multilib: .;@m64
Candidate multilib: 32;@m32
Candidate multilib: x32;@mx32
Selected multilib: .;@m64
 "/usr/local/bin/clang-8" -cc1 -triple x86_64-unknown-linux-gnu -emit-obj -mrelax-all -disable-free -main-file-name CMakeCCompilerABI.c -mrelocation-model static -mthread-model posix -mdisable-fp-elim -fmath-errno -masm-verbose -mconstructor-aliases -munwind-tables -fuse-init-array -target-cpu x86-64 -dwarf-column-info -debugger-tuning=gdb -v -coverage-notes-file /home/vagrant/hello-world-pass/build/CMakeFiles/CMakeTmp/CMakeFiles/cmTC_923e9.dir/CMakeCCompilerABI.c.gcno -resource-dir /usr/local/lib/clang/8.0.1 -internal-isystem /usr/local/include -internal-isystem /usr/local/lib/clang/8.0.1/include -internal-externc-isystem /usr/include/x86_64-linux-gnu -internal-externc-isystem /include -internal-externc-isystem /usr/include -fdebug-compilation-dir /home/vagrant/hello-world-pass/build/CMakeFiles/CMakeTmp -ferror-limit 19 -fmessage-length 0 -fobjc-runtime=gcc -fdiagnostics-show-option -o CMakeFiles/cmTC_923e9.dir/CMakeCCompilerABI.c.o -x c /usr/local/share/cmake-3.17/Modules/CMakeCCompilerABI.c -faddrsig
clang -cc1 version 8.0.1 based upon LLVM 8.0.1 default target x86_64-unknown-linux-gnu
ignoring nonexistent directory "/include"
#include "..." search starts here:
#include <...> search starts here:
 /usr/local/include
 /usr/local/lib/clang/8.0.1/include
 /usr/include/x86_64-linux-gnu
 /usr/include
End of search list.
Linking C executable cmTC_923e9
/usr/local/bin/cmake -E cmake_link_script CMakeFiles/cmTC_923e9.dir/link.txt --verbose=1
/usr/local/bin/clang     -v CMakeFiles/cmTC_923e9.dir/CMakeCCompilerABI.c.o  -o cmTC_923e9 
clang version 8.0.1 (tags/RELEASE_801/final)
Target: x86_64-unknown-linux-gnu
Thread model: posix
InstalledDir: /usr/local/bin
Found candidate GCC installation: /usr/lib/gcc/x86_64-linux-gnu/8
Selected GCC installation: /usr/lib/gcc/x86_64-linux-gnu/8
Candidate multilib: .;@m64
Candidate multilib: 32;@m32
Candidate multilib: x32;@mx32
Selected multilib: .;@m64
 "/usr/bin/ld" --hash-style=both --eh-frame-hdr -m elf_x86_64 -dynamic-linker /lib64/ld-linux-x86-64.so.2 -o cmTC_923e9 /usr/lib/gcc/x86_64-linux-gnu/8/../../../x86_64-linux-gnu/crt1.o /usr/lib/gcc/x86_64-linux-gnu/8/../../../x86_64-linux-gnu/crti.o /usr/lib/gcc/x86_64-linux-gnu/8/crtbegin.o -L/usr/lib/gcc/x86_64-linux-gnu/8 -L/usr/lib/gcc/x86_64-linux-gnu/8/../../../x86_64-linux-gnu -L/usr/lib/gcc/x86_64-linux-gnu/8/../../../../lib64 -L/lib/x86_64-linux-gnu -L/lib/../lib64 -L/usr/lib/x86_64-linux-gnu -L/usr/lib/../lib64 -L/usr/lib/x86_64-linux-gnu/../../lib64 -L/usr/lib/gcc/x86_64-linux-gnu/8/../../.. -L/usr/local/bin/../lib -L/lib -L/usr/lib CMakeFiles/cmTC_923e9.dir/CMakeCCompilerABI.c.o -lgcc --as-needed -lgcc_s --no-as-needed -lc -lgcc --as-needed -lgcc_s --no-as-needed /usr/lib/gcc/x86_64-linux-gnu/8/crtend.o /usr/lib/gcc/x86_64-linux-gnu/8/../../../x86_64-linux-gnu/crtn.o
make[1]: Leaving directory '/home/vagrant/hello-world-pass/build/CMakeFiles/CMakeTmp'



Parsed C implicit include dir info from above output: rv=done
  found start of include info
  found start of implicit include info
    add: [/usr/local/include]
    add: [/usr/local/lib/clang/8.0.1/include]
    add: [/usr/include/x86_64-linux-gnu]
    add: [/usr/include]
  end of search list found
  collapse include dir [/usr/local/include] ==> [/usr/local/include]
  collapse include dir [/usr/local/lib/clang/8.0.1/include] ==> [/usr/local/lib/clang/8.0.1/include]
  collapse include dir [/usr/include/x86_64-linux-gnu] ==> [/usr/include/x86_64-linux-gnu]
  collapse include dir [/usr/include] ==> [/usr/include]
  implicit include dirs: [/usr/local/include;/usr/local/lib/clang/8.0.1/include;/usr/include/x86_64-linux-gnu;/usr/include]


Parsed C implicit link information from above output:
  link line regex: [^( *|.*[/\])(ld|CMAKE_LINK_STARTFILE-NOTFOUND|([^/\]+-)?ld|collect2)[^/\]*( |$)]
  ignore line: [Change Dir: /home/vagrant/hello-world-pass/build/CMakeFiles/CMakeTmp]
  ignore line: []
  ignore line: [Run Build Command(s):/usr/bin/make cmTC_923e9/fast && /usr/bin/make  -f CMakeFiles/cmTC_923e9.dir/build.make CMakeFiles/cmTC_923e9.dir/build]
  ignore line: [make[1]: Entering directory '/home/vagrant/hello-world-pass/build/CMakeFiles/CMakeTmp']
  ignore line: [Building C object CMakeFiles/cmTC_923e9.dir/CMakeCCompilerABI.c.o]
  ignore line: [/usr/local/bin/clang   -v -o CMakeFiles/cmTC_923e9.dir/CMakeCCompilerABI.c.o   -c /usr/local/share/cmake-3.17/Modules/CMakeCCompilerABI.c]
  ignore line: [clang version 8.0.1 (tags/RELEASE_801/final)]
  ignore line: [Target: x86_64-unknown-linux-gnu]
  ignore line: [Thread model: posix]
  ignore line: [InstalledDir: /usr/local/bin]
  ignore line: [Found candidate GCC installation: /usr/lib/gcc/x86_64-linux-gnu/8]
  ignore line: [Selected GCC installation: /usr/lib/gcc/x86_64-linux-gnu/8]
  ignore line: [Candidate multilib: .]
  ignore line: [@m64]
  ignore line: [Candidate multilib: 32]
  ignore line: [@m32]
  ignore line: [Candidate multilib: x32]
  ignore line: [@mx32]
  ignore line: [Selected multilib: .]
  ignore line: [@m64]
  ignore line: [ "/usr/local/bin/clang-8" -cc1 -triple x86_64-unknown-linux-gnu -emit-obj -mrelax-all -disable-free -main-file-name CMakeCCompilerABI.c -mrelocation-model static -mthread-model posix -mdisable-fp-elim -fmath-errno -masm-verbose -mconstructor-aliases -munwind-tables -fuse-init-array -target-cpu x86-64 -dwarf-column-info -debugger-tuning=gdb -v -coverage-notes-file /home/vagrant/hello-world-pass/build/CMakeFiles/CMakeTmp/CMakeFiles/cmTC_923e9.dir/CMakeCCompilerABI.c.gcno -resource-dir /usr/local/lib/clang/8.0.1 -internal-isystem /usr/local/include -internal-isystem /usr/local/lib/clang/8.0.1/include -internal-externc-isystem /usr/include/x86_64-linux-gnu -internal-externc-isystem /include -internal-externc-isystem /usr/include -fdebug-compilation-dir /home/vagrant/hello-world-pass/build/CMakeFiles/CMakeTmp -ferror-limit 19 -fmessage-length 0 -fobjc-runtime=gcc -fdiagnostics-show-option -o CMakeFiles/cmTC_923e9.dir/CMakeCCompilerABI.c.o -x c /usr/local/share/cmake-3.17/Modules/CMakeCCompilerABI.c -faddrsig]
  ignore line: [clang -cc1 version 8.0.1 based upon LLVM 8.0.1 default target x86_64-unknown-linux-gnu]
  ignore line: [ignoring nonexistent directory "/include"]
  ignore line: [#include "..." search starts here:]
  ignore line: [#include <...> search starts here:]
  ignore line: [ /usr/local/include]
  ignore line: [ /usr/local/lib/clang/8.0.1/include]
  ignore line: [ /usr/include/x86_64-linux-gnu]
  ignore line: [ /usr/include]
  ignore line: [End of search list.]
  ignore line: [Linking C executable cmTC_923e9]
  ignore line: [/usr/local/bin/cmake -E cmake_link_script CMakeFiles/cmTC_923e9.dir/link.txt --verbose=1]
  ignore line: [/usr/local/bin/clang     -v CMakeFiles/cmTC_923e9.dir/CMakeCCompilerABI.c.o  -o cmTC_923e9 ]
  ignore line: [clang version 8.0.1 (tags/RELEASE_801/final)]
  ignore line: [Target: x86_64-unknown-linux-gnu]
  ignore line: [Thread model: posix]
  ignore line: [InstalledDir: /usr/local/bin]
  ignore line: [Found candidate GCC installation: /usr/lib/gcc/x86_64-linux-gnu/8]
  ignore line: [Selected GCC installation: /usr/lib/gcc/x86_64-linux-gnu/8]
  ignore line: [Candidate multilib: .]
  ignore line: [@m64]
  ignore line: [Candidate multilib: 32]
  ignore line: [@m32]
  ignore line: [Candidate multilib: x32]
  ignore line: [@mx32]
  ignore line: [Selected multilib: .]
  ignore line: [@m64]
  link line: [ "/usr/bin/ld" --hash-style=both --eh-frame-hdr -m elf_x86_64 -dynamic-linker /lib64/ld-linux-x86-64.so.2 -o cmTC_923e9 /usr/lib/gcc/x86_64-linux-gnu/8/../../../x86_64-linux-gnu/crt1.o /usr/lib/gcc/x86_64-linux-gnu/8/../../../x86_64-linux-gnu/crti.o /usr/lib/gcc/x86_64-linux-gnu/8/crtbegin.o -L/usr/lib/gcc/x86_64-linux-gnu/8 -L/usr/lib/gcc/x86_64-linux-gnu/8/../../../x86_64-linux-gnu -L/usr/lib/gcc/x86_64-linux-gnu/8/../../../../lib64 -L/lib/x86_64-linux-gnu -L/lib/../lib64 -L/usr/lib/x86_64-linux-gnu -L/usr/lib/../lib64 -L/usr/lib/x86_64-linux-gnu/../../lib64 -L/usr/lib/gcc/x86_64-linux-gnu/8/../../.. -L/usr/local/bin/../lib -L/lib -L/usr/lib CMakeFiles/cmTC_923e9.dir/CMakeCCompilerABI.c.o -lgcc --as-needed -lgcc_s --no-as-needed -lc -lgcc --as-needed -lgcc_s --no-as-needed /usr/lib/gcc/x86_64-linux-gnu/8/crtend.o /usr/lib/gcc/x86_64-linux-gnu/8/../../../x86_64-linux-gnu/crtn.o]
    arg [/usr/bin/ld] ==> ignore
    arg [--hash-style=both] ==> ignore
    arg [--eh-frame-hdr] ==> ignore
    arg [-m] ==> ignore
    arg [elf_x86_64] ==> ignore
    arg [-dynamic-linker] ==> ignore
    arg [/lib64/ld-linux-x86-64.so.2] ==> ignore
    arg [-o] ==> ignore
    arg [cmTC_923e9] ==> ignore
    arg [/usr/lib/gcc/x86_64-linux-gnu/8/../../../x86_64-linux-gnu/crt1.o] ==> ignore
    arg [/usr/lib/gcc/x86_64-linux-gnu/8/../../../x86_64-linux-gnu/crti.o] ==> ignore
    arg [/usr/lib/gcc/x86_64-linux-gnu/8/crtbegin.o] ==> ignore
    arg [-L/usr/lib/gcc/x86_64-linux-gnu/8] ==> dir [/usr/lib/gcc/x86_64-linux-gnu/8]
    arg [-L/usr/lib/gcc/x86_64-linux-gnu/8/../../../x86_64-linux-gnu] ==> dir [/usr/lib/gcc/x86_64-linux-gnu/8/../../../x86_64-linux-gnu]
    arg [-L/usr/lib/gcc/x86_64-linux-gnu/8/../../../../lib64] ==> dir [/usr/lib/gcc/x86_64-linux-gnu/8/../../../../lib64]
    arg [-L/lib/x86_64-linux-gnu] ==> dir [/lib/x86_64-linux-gnu]
    arg [-L/lib/../lib64] ==> dir [/lib/../lib64]
    arg [-L/usr/lib/x86_64-linux-gnu] ==> dir [/usr/lib/x86_64-linux-gnu]
    arg [-L/usr/lib/../lib64] ==> dir [/usr/lib/../lib64]
    arg [-L/usr/lib/x86_64-linux-gnu/../../lib64] ==> dir [/usr/lib/x86_64-linux-gnu/../../lib64]
    arg [-L/usr/lib/gcc/x86_64-linux-gnu/8/../../..] ==> dir [/usr/lib/gcc/x86_64-linux-gnu/8/../../..]
    arg [-L/usr/local/bin/../lib] ==> dir [/usr/local/bin/../lib]
    arg [-L/lib] ==> dir [/lib]
    arg [-L/usr/lib] ==> dir [/usr/lib]
    arg [CMakeFiles/cmTC_923e9.dir/CMakeCCompilerABI.c.o] ==> ignore
    arg [-lgcc] ==> lib [gcc]
    arg [--as-needed] ==> ignore
    arg [-lgcc_s] ==> lib [gcc_s]
    arg [--no-as-needed] ==> ignore
    arg [-lc] ==> lib [c]
    arg [-lgcc] ==> lib [gcc]
    arg [--as-needed] ==> ignore
    arg [-lgcc_s] ==> lib [gcc_s]
    arg [--no-as-needed] ==> ignore
    arg [/usr/lib/gcc/x86_64-linux-gnu/8/crtend.o] ==> ignore
    arg [/usr/lib/gcc/x86_64-linux-gnu/8/../../../x86_64-linux-gnu/crtn.o] ==> ignore
  collapse library dir [/usr/lib/gcc/x86_64-linux-gnu/8] ==> [/usr/lib/gcc/x86_64-linux-gnu/8]
  collapse library dir [/usr/lib/gcc/x86_64-linux-gnu/8/../../../x86_64-linux-gnu] ==> [/usr/lib/x86_64-linux-gnu]
  collapse library dir [/usr/lib/gcc/x86_64-linux-gnu/8/../../../../lib64] ==> [/usr/lib64]
  collapse library dir [/lib/x86_64-linux-gnu] ==> [/lib/x86_64-linux-gnu]
  collapse library dir [/lib/../lib64] ==> [/lib64]
  collapse library dir [/usr/lib/x86_64-linux-gnu] ==> [/usr/lib/x86_64-linux-gnu]
  collapse library dir [/usr/lib/../lib64] ==> [/usr/lib64]
  collapse library dir [/usr/lib/x86_64-linux-gnu/../../lib64] ==> [/usr/lib64]
  collapse library dir [/usr/lib/gcc/x86_64-linux-gnu/8/../../..] ==> [/usr/lib]
  collapse library dir [/usr/local/bin/../lib] ==> [/usr/local/lib]
  collapse library dir [/lib] ==> [/lib]
  collapse library dir [/usr/lib] ==> [/usr/lib]
  implicit libs: [gcc;gcc_s;c;gcc;gcc_s]
  implicit dirs: [/usr/lib/gcc/x86_64-linux-gnu/8;/usr/lib/x86_64-linux-gnu;/usr/lib64;/lib/x86_64-linux-gnu;/lib64;/usr/lib;/usr/local/lib;/lib]
  implicit fwks: []


Determining if the CXX compiler works passed with the following output:
Change Dir: /home/vagrant/hello-world-pass/build/CMakeFiles/CMakeTmp

Run Build Command(s):/usr/bin/make cmTC_abd92/fast && /usr/bin/make  -f CMakeFiles/cmTC_abd92.dir/build.make CMakeFiles/cmTC_abd92.dir/build
make[1]: Entering directory '/home/vagrant/hello-world-pass/build/CMakeFiles/CMakeTmp'
Building CXX object CMakeFiles/cmTC_abd92.dir/testCXXCompiler.cxx.o
/usr/local/bin/clang++     -o CMakeFiles/cmTC_abd92.dir/testCXXCompiler.cxx.o -c /home/vagrant/hello-world-pass/build/CMakeFiles/CMakeTmp/testCXXCompiler.cxx
Linking CXX executable cmTC_abd92
/usr/local/bin/cmake -E cmake_link_script CMakeFiles/cmTC_abd92.dir/link.txt --verbose=1
/usr/local/bin/clang++       CMakeFiles/cmTC_abd92.dir/testCXXCompiler.cxx.o  -o cmTC_abd92 
make[1]: Leaving directory '/home/vagrant/hello-world-pass/build/CMakeFiles/CMakeTmp'



Detecting CXX compiler ABI info compiled with the following output:
Change Dir: /home/vagrant/hello-world-pass/build/CMakeFiles/CMakeTmp

Run Build Command(s):/usr/bin/make cmTC_ab120/fast && /usr/bin/make  -f CMakeFiles/cmTC_ab120.dir/build.make CMakeFiles/cmTC_ab120.dir/build
make[1]: Entering directory '/home/vagrant/hello-world-pass/build/CMakeFiles/CMakeTmp'
Building CXX object CMakeFiles/cmTC_ab120.dir/CMakeCXXCompilerABI.cpp.o
/usr/local/bin/clang++    -v -o CMakeFiles/cmTC_ab120.dir/CMakeCXXCompilerABI.cpp.o -c /usr/local/share/cmake-3.17/Modules/CMakeCXXCompilerABI.cpp
clang version 8.0.1 (tags/RELEASE_801/final)
Target: x86_64-unknown-linux-gnu
Thread model: posix
InstalledDir: /usr/local/bin
Found candidate GCC installation: /usr/lib/gcc/x86_64-linux-gnu/8
Selected GCC installation: /usr/lib/gcc/x86_64-linux-gnu/8
Candidate multilib: .;@m64
Candidate multilib: 32;@m32
Candidate multilib: x32;@mx32
Selected multilib: .;@m64
 "/usr/local/bin/clang-8" -cc1 -triple x86_64-unknown-linux-gnu -emit-obj -mrelax-all -disable-free -main-file-name CMakeCXXCompilerABI.cpp -mrelocation-model static -mthread-model posix -mdisable-fp-elim -fmath-errno -masm-verbose -mconstructor-aliases -munwind-tables -fuse-init-array -target-cpu x86-64 -dwarf-column-info -debugger-tuning=gdb -v -coverage-notes-file /home/vagrant/hello-world-pass/build/CMakeFiles/CMakeTmp/CMakeFiles/cmTC_ab120.dir/CMakeCXXCompilerABI.cpp.gcno -resource-dir /usr/local/lib/clang/8.0.1 -internal-isystem /usr/lib/gcc/x86_64-linux-gnu/8/../../../../include/c++/8 -internal-isystem /usr/lib/gcc/x86_64-linux-gnu/8/../../../../include/x86_64-linux-gnu/c++/8 -internal-isystem /usr/lib/gcc/x86_64-linux-gnu/8/../../../../include/x86_64-linux-gnu/c++/8 -internal-isystem /usr/lib/gcc/x86_64-linux-gnu/8/../../../../include/c++/8/backward -internal-isystem /usr/local/include -internal-isystem /usr/local/lib/clang/8.0.1/include -internal-externc-isystem /usr/include/x86_64-linux-gnu -internal-externc-isystem /include -internal-externc-isystem /usr/include -fdeprecated-macro -fdebug-compilation-dir /home/vagrant/hello-world-pass/build/CMakeFiles/CMakeTmp -ferror-limit 19 -fmessage-length 0 -fobjc-runtime=gcc -fcxx-exceptions -fexceptions -fdiagnostics-show-option -o CMakeFiles/cmTC_ab120.dir/CMakeCXXCompilerABI.cpp.o -x c++ /usr/local/share/cmake-3.17/Modules/CMakeCXXCompilerABI.cpp -faddrsig
clang -cc1 version 8.0.1 based upon LLVM 8.0.1 default target x86_64-unknown-linux-gnu
ignoring nonexistent directory "/include"
ignoring duplicate directory "/usr/lib/gcc/x86_64-linux-gnu/8/../../../../include/x86_64-linux-gnu/c++/8"
#include "..." search starts here:
#include <...> search starts here:
 /usr/lib/gcc/x86_64-linux-gnu/8/../../../../include/c++/8
 /usr/lib/gcc/x86_64-linux-gnu/8/../../../../include/x86_64-linux-gnu/c++/8
 /usr/lib/gcc/x86_64-linux-gnu/8/../../../../include/c++/8/backward
 /usr/local/include
 /usr/local/lib/clang/8.0.1/include
 /usr/include/x86_64-linux-gnu
 /usr/include
End of search list.
Linking CXX executable cmTC_ab120
/usr/local/bin/cmake -E cmake_link_script CMakeFiles/cmTC_ab120.dir/link.txt --verbose=1
/usr/local/bin/clang++      -v CMakeFiles/cmTC_ab120.dir/CMakeCXXCompilerABI.cpp.o  -o cmTC_ab120 
clang version 8.0.1 (tags/RELEASE_801/final)
Target: x86_64-unknown-linux-gnu
Thread model: posix
InstalledDir: /usr/local/bin
Found candidate GCC installation: /usr/lib/gcc/x86_64-linux-gnu/8
Selected GCC installation: /usr/lib/gcc/x86_64-linux-gnu/8
Candidate multilib: .;@m64
Candidate multilib: 32;@m32
Candidate multilib: x32;@mx32
Selected multilib: .;@m64
 "/usr/bin/ld" --hash-style=both --eh-frame-hdr -m elf_x86_64 -dynamic-linker /lib64/ld-linux-x86-64.so.2 -o cmTC_ab120 /usr/lib/gcc/x86_64-linux-gnu/8/../../../x86_64-linux-gnu/crt1.o /usr/lib/gcc/x86_64-linux-gnu/8/../../../x86_64-linux-gnu/crti.o /usr/lib/gcc/x86_64-linux-gnu/8/crtbegin.o -L/usr/lib/gcc/x86_64-linux-gnu/8 -L/usr/lib/gcc/x86_64-linux-gnu/8/../../../x86_64-linux-gnu -L/usr/lib/gcc/x86_64-linux-gnu/8/../../../../lib64 -L/lib/x86_64-linux-gnu -L/lib/../lib64 -L/usr/lib/x86_64-linux-gnu -L/usr/lib/../lib64 -L/usr/lib/x86_64-linux-gnu/../../lib64 -L/usr/lib/gcc/x86_64-linux-gnu/8/../../.. -L/usr/local/bin/../lib -L/lib -L/usr/lib CMakeFiles/cmTC_ab120.dir/CMakeCXXCompilerABI.cpp.o -lstdc++ -lm -lgcc_s -lgcc -lc -lgcc_s -lgcc /usr/lib/gcc/x86_64-linux-gnu/8/crtend.o /usr/lib/gcc/x86_64-linux-gnu/8/../../../x86_64-linux-gnu/crtn.o
make[1]: Leaving directory '/home/vagrant/hello-world-pass/build/CMakeFiles/CMakeTmp'



Parsed CXX implicit include dir info from above output: rv=done
  found start of include info
  found start of implicit include info
    add: [/usr/lib/gcc/x86_64-linux-gnu/8/../../../../include/c++/8]
    add: [/usr/lib/gcc/x86_64-linux-gnu/8/../../../../include/x86_64-linux-gnu/c++/8]
    add: [/usr/lib/gcc/x86_64-linux-gnu/8/../../../../include/c++/8/backward]
    add: [/usr/local/include]
    add: [/usr/local/lib/clang/8.0.1/include]
    add: [/usr/include/x86_64-linux-gnu]
    add: [/usr/include]
  end of search list found
  collapse include dir [/usr/lib/gcc/x86_64-linux-gnu/8/../../../../include/c++/8] ==> [/usr/include/c++/8]
  collapse include dir [/usr/lib/gcc/x86_64-linux-gnu/8/../../../../include/x86_64-linux-gnu/c++/8] ==> [/usr/include/x86_64-linux-gnu/c++/8]
  collapse include dir [/usr/lib/gcc/x86_64-linux-gnu/8/../../../../include/c++/8/backward] ==> [/usr/include/c++/8/backward]
  collapse include dir [/usr/local/include] ==> [/usr/local/include]
  collapse include dir [/usr/local/lib/clang/8.0.1/include] ==> [/usr/local/lib/clang/8.0.1/include]
  collapse include dir [/usr/include/x86_64-linux-gnu] ==> [/usr/include/x86_64-linux-gnu]
  collapse include dir [/usr/include] ==> [/usr/include]
  implicit include dirs: [/usr/include/c++/8;/usr/include/x86_64-linux-gnu/c++/8;/usr/include/c++/8/backward;/usr/local/include;/usr/local/lib/clang/8.0.1/include;/usr/include/x86_64-linux-gnu;/usr/include]


Parsed CXX implicit link information from above output:
  link line regex: [^( *|.*[/\])(ld|CMAKE_LINK_STARTFILE-NOTFOUND|([^/\]+-)?ld|collect2)[^/\]*( |$)]
  ignore line: [Change Dir: /home/vagrant/hello-world-pass/build/CMakeFiles/CMakeTmp]
  ignore line: []
  ignore line: [Run Build Command(s):/usr/bin/make cmTC_ab120/fast && /usr/bin/make  -f CMakeFiles/cmTC_ab120.dir/build.make CMakeFiles/cmTC_ab120.dir/build]
  ignore line: [make[1]: Entering directory '/home/vagrant/hello-world-pass/build/CMakeFiles/CMakeTmp']
  ignore line: [Building CXX object CMakeFiles/cmTC_ab120.dir/CMakeCXXCompilerABI.cpp.o]
  ignore line: [/usr/local/bin/clang++    -v -o CMakeFiles/cmTC_ab120.dir/CMakeCXXCompilerABI.cpp.o -c /usr/local/share/cmake-3.17/Modules/CMakeCXXCompilerABI.cpp]
  ignore line: [clang version 8.0.1 (tags/RELEASE_801/final)]
  ignore line: [Target: x86_64-unknown-linux-gnu]
  ignore line: [Thread model: posix]
  ignore line: [InstalledDir: /usr/local/bin]
  ignore line: [Found candidate GCC installation: /usr/lib/gcc/x86_64-linux-gnu/8]
  ignore line: [Selected GCC installation: /usr/lib/gcc/x86_64-linux-gnu/8]
  ignore line: [Candidate multilib: .]
  ignore line: [@m64]
  ignore line: [Candidate multilib: 32]
  ignore line: [@m32]
  ignore line: [Candidate multilib: x32]
  ignore line: [@mx32]
  ignore line: [Selected multilib: .]
  ignore line: [@m64]
  ignore line: [ "/usr/local/bin/clang-8" -cc1 -triple x86_64-unknown-linux-gnu -emit-obj -mrelax-all -disable-free -main-file-name CMakeCXXCompilerABI.cpp -mrelocation-model static -mthread-model posix -mdisable-fp-elim -fmath-errno -masm-verbose -mconstructor-aliases -munwind-tables -fuse-init-array -target-cpu x86-64 -dwarf-column-info -debugger-tuning=gdb -v -coverage-notes-file /home/vagrant/hello-world-pass/build/CMakeFiles/CMakeTmp/CMakeFiles/cmTC_ab120.dir/CMakeCXXCompilerABI.cpp.gcno -resource-dir /usr/local/lib/clang/8.0.1 -internal-isystem /usr/lib/gcc/x86_64-linux-gnu/8/../../../../include/c++/8 -internal-isystem /usr/lib/gcc/x86_64-linux-gnu/8/../../../../include/x86_64-linux-gnu/c++/8 -internal-isystem /usr/lib/gcc/x86_64-linux-gnu/8/../../../../include/x86_64-linux-gnu/c++/8 -internal-isystem /usr/lib/gcc/x86_64-linux-gnu/8/../../../../include/c++/8/backward -internal-isystem /usr/local/include -internal-isystem /usr/local/lib/clang/8.0.1/include -internal-externc-isystem /usr/include/x86_64-linux-gnu -internal-externc-isystem /include -internal-externc-isystem /usr/include -fdeprecated-macro -fdebug-compilation-dir /home/vagrant/hello-world-pass/build/CMakeFiles/CMakeTmp -ferror-limit 19 -fmessage-length 0 -fobjc-runtime=gcc -fcxx-exceptions -fexceptions -fdiagnostics-show-option -o CMakeFiles/cmTC_ab120.dir/CMakeCXXCompilerABI.cpp.o -x c++ /usr/local/share/cmake-3.17/Modules/CMakeCXXCompilerABI.cpp -faddrsig]
  ignore line: [clang -cc1 version 8.0.1 based upon LLVM 8.0.1 default target x86_64-unknown-linux-gnu]
  ignore line: [ignoring nonexistent directory "/include"]
  ignore line: [ignoring duplicate directory "/usr/lib/gcc/x86_64-linux-gnu/8/../../../../include/x86_64-linux-gnu/c++/8"]
  ignore line: [#include "..." search starts here:]
  ignore line: [#include <...> search starts here:]
  ignore line: [ /usr/lib/gcc/x86_64-linux-gnu/8/../../../../include/c++/8]
  ignore line: [ /usr/lib/gcc/x86_64-linux-gnu/8/../../../../include/x86_64-linux-gnu/c++/8]
  ignore line: [ /usr/lib/gcc/x86_64-linux-gnu/8/../../../../include/c++/8/backward]
  ignore line: [ /usr/local/include]
  ignore line: [ /usr/local/lib/clang/8.0.1/include]
  ignore line: [ /usr/include/x86_64-linux-gnu]
  ignore line: [ /usr/include]
  ignore line: [End of search list.]
  ignore line: [Linking CXX executable cmTC_ab120]
  ignore line: [/usr/local/bin/cmake -E cmake_link_script CMakeFiles/cmTC_ab120.dir/link.txt --verbose=1]
  ignore line: [/usr/local/bin/clang++      -v CMakeFiles/cmTC_ab120.dir/CMakeCXXCompilerABI.cpp.o  -o cmTC_ab120 ]
  ignore line: [clang version 8.0.1 (tags/RELEASE_801/final)]
  ignore line: [Target: x86_64-unknown-linux-gnu]
  ignore line: [Thread model: posix]
  ignore line: [InstalledDir: /usr/local/bin]
  ignore line: [Found candidate GCC installation: /usr/lib/gcc/x86_64-linux-gnu/8]
  ignore line: [Selected GCC installation: /usr/lib/gcc/x86_64-linux-gnu/8]
  ignore line: [Candidate multilib: .]
  ignore line: [@m64]
  ignore line: [Candidate multilib: 32]
  ignore line: [@m32]
  ignore line: [Candidate multilib: x32]
  ignore line: [@mx32]
  ignore line: [Selected multilib: .]
  ignore line: [@m64]
  link line: [ "/usr/bin/ld" --hash-style=both --eh-frame-hdr -m elf_x86_64 -dynamic-linker /lib64/ld-linux-x86-64.so.2 -o cmTC_ab120 /usr/lib/gcc/x86_64-linux-gnu/8/../../../x86_64-linux-gnu/crt1.o /usr/lib/gcc/x86_64-linux-gnu/8/../../../x86_64-linux-gnu/crti.o /usr/lib/gcc/x86_64-linux-gnu/8/crtbegin.o -L/usr/lib/gcc/x86_64-linux-gnu/8 -L/usr/lib/gcc/x86_64-linux-gnu/8/../../../x86_64-linux-gnu -L/usr/lib/gcc/x86_64-linux-gnu/8/../../../../lib64 -L/lib/x86_64-linux-gnu -L/lib/../lib64 -L/usr/lib/x86_64-linux-gnu -L/usr/lib/../lib64 -L/usr/lib/x86_64-linux-gnu/../../lib64 -L/usr/lib/gcc/x86_64-linux-gnu/8/../../.. -L/usr/local/bin/../lib -L/lib -L/usr/lib CMakeFiles/cmTC_ab120.dir/CMakeCXXCompilerABI.cpp.o -lstdc++ -lm -lgcc_s -lgcc -lc -lgcc_s -lgcc /usr/lib/gcc/x86_64-linux-gnu/8/crtend.o /usr/lib/gcc/x86_64-linux-gnu/8/../../../x86_64-linux-gnu/crtn.o]
    arg [/usr/bin/ld] ==> ignore
    arg [--hash-style=both] ==> ignore
    arg [--eh-frame-hdr] ==> ignore
    arg [-m] ==> ignore
    arg [elf_x86_64] ==> ignore
    arg [-dynamic-linker] ==> ignore
    arg [/lib64/ld-linux-x86-64.so.2] ==> ignore
    arg [-o] ==> ignore
    arg [cmTC_ab120] ==> ignore
    arg [/usr/lib/gcc/x86_64-linux-gnu/8/../../../x86_64-linux-gnu/crt1.o] ==> ignore
    arg [/usr/lib/gcc/x86_64-linux-gnu/8/../../../x86_64-linux-gnu/crti.o] ==> ignore
    arg [/usr/lib/gcc/x86_64-linux-gnu/8/crtbegin.o] ==> ignore
    arg [-L/usr/lib/gcc/x86_64-linux-gnu/8] ==> dir [/usr/lib/gcc/x86_64-linux-gnu/8]
    arg [-L/usr/lib/gcc/x86_64-linux-gnu/8/../../../x86_64-linux-gnu] ==> dir [/usr/lib/gcc/x86_64-linux-gnu/8/../../../x86_64-linux-gnu]
    arg [-L/usr/lib/gcc/x86_64-linux-gnu/8/../../../../lib64] ==> dir [/usr/lib/gcc/x86_64-linux-gnu/8/../../../../lib64]
    arg [-L/lib/x86_64-linux-gnu] ==> dir [/lib/x86_64-linux-gnu]
    arg [-L/lib/../lib64] ==> dir [/lib/../lib64]
    arg [-L/usr/lib/x86_64-linux-gnu] ==> dir [/usr/lib/x86_64-linux-gnu]
    arg [-L/usr/lib/../lib64] ==> dir [/usr/lib/../lib64]
    arg [-L/usr/lib/x86_64-linux-gnu/../../lib64] ==> dir [/usr/lib/x86_64-linux-gnu/../../lib64]
    arg [-L/usr/lib/gcc/x86_64-linux-gnu/8/../../..] ==> dir [/usr/lib/gcc/x86_64-linux-gnu/8/../../..]
    arg [-L/usr/local/bin/../lib] ==> dir [/usr/local/bin/../lib]
    arg [-L/lib] ==> dir [/lib]
    arg [-L/usr/lib] ==> dir [/usr/lib]
    arg [CMakeFiles/cmTC_ab120.dir/CMakeCXXCompilerABI.cpp.o] ==> ignore
    arg [-lstdc++] ==> lib [stdc++]
    arg [-lm] ==> lib [m]
    arg [-lgcc_s] ==> lib [gcc_s]
    arg [-lgcc] ==> lib [gcc]
    arg [-lc] ==> lib [c]
    arg [-lgcc_s] ==> lib [gcc_s]
    arg [-lgcc] ==> lib [gcc]
    arg [/usr/lib/gcc/x86_64-linux-gnu/8/crtend.o] ==> ignore
    arg [/usr/lib/gcc/x86_64-linux-gnu/8/../../../x86_64-linux-gnu/crtn.o] ==> ignore
  collapse library dir [/usr/lib/gcc/x86_64-linux-gnu/8] ==> [/usr/lib/gcc/x86_64-linux-gnu/8]
  collapse library dir [/usr/lib/gcc/x86_64-linux-gnu/8/../../../x86_64-linux-gnu] ==> [/usr/lib/x86_64-linux-gnu]
  collapse library dir [/usr/lib/gcc/x86_64-linux-gnu/8/../../../../lib64] ==> [/usr/lib64]
  collapse library dir [/lib/x86_64-linux-gnu] ==> [/lib/x86_64-linux-gnu]
  collapse library dir [/lib/../lib64] ==> [/lib64]
  collapse library dir [/usr/lib/x86_64-linux-gnu] ==> [/usr/lib/x86_64-linux-gnu]
  collapse library dir [/usr/lib/../lib64] ==> [/usr/lib64]
  collapse library dir [/usr/lib/x86_64-linux-gnu/../../lib64] ==> [/usr/lib64]
  collapse library dir [/usr/lib/gcc/x86_64-linux-gnu/8/../../..] ==> [/usr/lib]
  collapse library dir [/usr/local/bin/../lib] ==> [/usr/local/lib]
  collapse library dir [/lib] ==> [/lib]
  collapse library dir [/usr/lib] ==> [/usr/lib]
  implicit libs: [stdc++;m;gcc_s;gcc;c;gcc_s;gcc]
  implicit dirs: [/usr/lib/gcc/x86_64-linux-gnu/8;/usr/lib/x86_64-linux-gnu;/usr/lib64;/lib/x86_64-linux-gnu;/lib64;/usr/lib;/usr/local/lib;/lib]
  implicit fwks: []


Performing C++ SOURCE FILE Test LLVM_LIBSTDCXX_MIN succeeded with the following output:
Change Dir: /home/vagrant/hello-world-pass/build/CMakeFiles/CMakeTmp

Run Build Command(s):/usr/bin/make cmTC_eb535/fast && /usr/bin/make  -f CMakeFiles/cmTC_eb535.dir/build.make CMakeFiles/cmTC_eb535.dir/build
make[1]: Entering directory '/home/vagrant/hello-world-pass/build/CMakeFiles/CMakeTmp'
Building CXX object CMakeFiles/cmTC_eb535.dir/src.cxx.o
/usr/local/bin/clang++    -DLLVM_LIBSTDCXX_MIN  -std=c++0x   -o CMakeFiles/cmTC_eb535.dir/src.cxx.o -c /home/vagrant/hello-world-pass/build/CMakeFiles/CMakeTmp/src.cxx
Linking CXX executable cmTC_eb535
/usr/local/bin/cmake -E cmake_link_script CMakeFiles/cmTC_eb535.dir/link.txt --verbose=1
/usr/local/bin/clang++   -DLLVM_LIBSTDCXX_MIN  -std=c++0x    CMakeFiles/cmTC_eb535.dir/src.cxx.o  -o cmTC_eb535 
make[1]: Leaving directory '/home/vagrant/hello-world-pass/build/CMakeFiles/CMakeTmp'


Source file was:

#include <iosfwd>
#if defined(__GLIBCXX__)
#if __GLIBCXX__ < 20130322
#error Unsupported libstdc++ version
#endif
#endif
int main() { return 0; }

Performing C++ SOURCE FILE Test LLVM_LIBSTDCXX_SOFT_ERROR succeeded with the following output:
Change Dir: /home/vagrant/hello-world-pass/build/CMakeFiles/CMakeTmp

Run Build Command(s):/usr/bin/make cmTC_19e60/fast && /usr/bin/make  -f CMakeFiles/cmTC_19e60.dir/build.make CMakeFiles/cmTC_19e60.dir/build
make[1]: Entering directory '/home/vagrant/hello-world-pass/build/CMakeFiles/CMakeTmp'
Building CXX object CMakeFiles/cmTC_19e60.dir/src.cxx.o
/usr/local/bin/clang++    -DLLVM_LIBSTDCXX_SOFT_ERROR  -std=c++0x   -o CMakeFiles/cmTC_19e60.dir/src.cxx.o -c /home/vagrant/hello-world-pass/build/CMakeFiles/CMakeTmp/src.cxx
Linking CXX executable cmTC_19e60
/usr/local/bin/cmake -E cmake_link_script CMakeFiles/cmTC_19e60.dir/link.txt --verbose=1
/usr/local/bin/clang++   -DLLVM_LIBSTDCXX_SOFT_ERROR  -std=c++0x    CMakeFiles/cmTC_19e60.dir/src.cxx.o  -o cmTC_19e60 
make[1]: Leaving directory '/home/vagrant/hello-world-pass/build/CMakeFiles/CMakeTmp'


Source file was:

#include <iosfwd>
#if defined(__GLIBCXX__)
#if __GLIBCXX__ < 20150422
#error Unsupported libstdc++ version
#endif
#endif
int main() { return 0; }

Performing C SOURCE FILE Test C_SUPPORTS_FPIC succeeded with the following output:
Change Dir: /home/vagrant/hello-world-pass/build/CMakeFiles/CMakeTmp

Run Build Command(s):/usr/bin/make cmTC_9edd2/fast && /usr/bin/make  -f CMakeFiles/cmTC_9edd2.dir/build.make CMakeFiles/cmTC_9edd2.dir/build
make[1]: Entering directory '/home/vagrant/hello-world-pass/build/CMakeFiles/CMakeTmp'
Building C object CMakeFiles/cmTC_9edd2.dir/src.c.o
/usr/local/bin/clang   -DC_SUPPORTS_FPIC   -Werror -fPIC -o CMakeFiles/cmTC_9edd2.dir/src.c.o   -c /home/vagrant/hello-world-pass/build/CMakeFiles/CMakeTmp/src.c
Linking C executable cmTC_9edd2
/usr/local/bin/cmake -E cmake_link_script CMakeFiles/cmTC_9edd2.dir/link.txt --verbose=1
/usr/local/bin/clang  -DC_SUPPORTS_FPIC    CMakeFiles/cmTC_9edd2.dir/src.c.o  -o cmTC_9edd2 
make[1]: Leaving directory '/home/vagrant/hello-world-pass/build/CMakeFiles/CMakeTmp'


Source file was:
int main(void) { return 0; }
Performing C++ SOURCE FILE Test CXX_SUPPORTS_FPIC succeeded with the following output:
Change Dir: /home/vagrant/hello-world-pass/build/CMakeFiles/CMakeTmp

Run Build Command(s):/usr/bin/make cmTC_b369b/fast && /usr/bin/make  -f CMakeFiles/cmTC_b369b.dir/build.make CMakeFiles/cmTC_b369b.dir/build
make[1]: Entering directory '/home/vagrant/hello-world-pass/build/CMakeFiles/CMakeTmp'
Building CXX object CMakeFiles/cmTC_b369b.dir/src.cxx.o
/usr/local/bin/clang++    -DCXX_SUPPORTS_FPIC   -Werror -fPIC -o CMakeFiles/cmTC_b369b.dir/src.cxx.o -c /home/vagrant/hello-world-pass/build/CMakeFiles/CMakeTmp/src.cxx
Linking CXX executable cmTC_b369b
/usr/local/bin/cmake -E cmake_link_script CMakeFiles/cmTC_b369b.dir/link.txt --verbose=1
/usr/local/bin/clang++   -DCXX_SUPPORTS_FPIC    CMakeFiles/cmTC_b369b.dir/src.cxx.o  -o cmTC_b369b 
make[1]: Leaving directory '/home/vagrant/hello-world-pass/build/CMakeFiles/CMakeTmp'


Source file was:
int main() { return 0; }
Performing C++ SOURCE FILE Test SUPPORTS_FVISIBILITY_INLINES_HIDDEN_FLAG succeeded with the following output:
Change Dir: /home/vagrant/hello-world-pass/build/CMakeFiles/CMakeTmp

Run Build Command(s):/usr/bin/make cmTC_89a0e/fast && /usr/bin/make  -f CMakeFiles/cmTC_89a0e.dir/build.make CMakeFiles/cmTC_89a0e.dir/build
make[1]: Entering directory '/home/vagrant/hello-world-pass/build/CMakeFiles/CMakeTmp'
Building CXX object CMakeFiles/cmTC_89a0e.dir/src.cxx.o
/usr/local/bin/clang++    -fPIC -DSUPPORTS_FVISIBILITY_INLINES_HIDDEN_FLAG   -fvisibility-inlines-hidden -o CMakeFiles/cmTC_89a0e.dir/src.cxx.o -c /home/vagrant/hello-world-pass/build/CMakeFiles/CMakeTmp/src.cxx
Linking CXX executable cmTC_89a0e
/usr/local/bin/cmake -E cmake_link_script CMakeFiles/cmTC_89a0e.dir/link.txt --verbose=1
/usr/local/bin/clang++   -fPIC -DSUPPORTS_FVISIBILITY_INLINES_HIDDEN_FLAG    CMakeFiles/cmTC_89a0e.dir/src.cxx.o  -o cmTC_89a0e 
make[1]: Leaving directory '/home/vagrant/hello-world-pass/build/CMakeFiles/CMakeTmp'


Source file was:
int main() { return 0; }
Performing C SOURCE FILE Test C_SUPPORTS_WERROR_DATE_TIME succeeded with the following output:
Change Dir: /home/vagrant/hello-world-pass/build/CMakeFiles/CMakeTmp

Run Build Command(s):/usr/bin/make cmTC_4d1ec/fast && /usr/bin/make  -f CMakeFiles/cmTC_4d1ec.dir/build.make CMakeFiles/cmTC_4d1ec.dir/build
make[1]: Entering directory '/home/vagrant/hello-world-pass/build/CMakeFiles/CMakeTmp'
Building C object CMakeFiles/cmTC_4d1ec.dir/src.c.o
/usr/local/bin/clang   -fPIC -DC_SUPPORTS_WERROR_DATE_TIME   -Werror -Werror=date-time -o CMakeFiles/cmTC_4d1ec.dir/src.c.o   -c /home/vagrant/hello-world-pass/build/CMakeFiles/CMakeTmp/src.c
Linking C executable cmTC_4d1ec
/usr/local/bin/cmake -E cmake_link_script CMakeFiles/cmTC_4d1ec.dir/link.txt --verbose=1
/usr/local/bin/clang  -fPIC -DC_SUPPORTS_WERROR_DATE_TIME    CMakeFiles/cmTC_4d1ec.dir/src.c.o  -o cmTC_4d1ec 
make[1]: Leaving directory '/home/vagrant/hello-world-pass/build/CMakeFiles/CMakeTmp'


Source file was:
int main(void) { return 0; }
Performing C++ SOURCE FILE Test CXX_SUPPORTS_WERROR_DATE_TIME succeeded with the following output:
Change Dir: /home/vagrant/hello-world-pass/build/CMakeFiles/CMakeTmp

Run Build Command(s):/usr/bin/make cmTC_d28b9/fast && /usr/bin/make  -f CMakeFiles/cmTC_d28b9.dir/build.make CMakeFiles/cmTC_d28b9.dir/build
make[1]: Entering directory '/home/vagrant/hello-world-pass/build/CMakeFiles/CMakeTmp'
Building CXX object CMakeFiles/cmTC_d28b9.dir/src.cxx.o
/usr/local/bin/clang++    -fPIC -fvisibility-inlines-hidden -DCXX_SUPPORTS_WERROR_DATE_TIME   -Werror -Werror=date-time -o CMakeFiles/cmTC_d28b9.dir/src.cxx.o -c /home/vagrant/hello-world-pass/build/CMakeFiles/CMakeTmp/src.cxx
Linking CXX executable cmTC_d28b9
/usr/local/bin/cmake -E cmake_link_script CMakeFiles/cmTC_d28b9.dir/link.txt --verbose=1
/usr/local/bin/clang++   -fPIC -fvisibility-inlines-hidden -DCXX_SUPPORTS_WERROR_DATE_TIME    CMakeFiles/cmTC_d28b9.dir/src.cxx.o  -o cmTC_d28b9 
make[1]: Leaving directory '/home/vagrant/hello-world-pass/build/CMakeFiles/CMakeTmp'


Source file was:
int main() { return 0; }
Performing C SOURCE FILE Test C_SUPPORTS_WERROR_UNGUARDED_AVAILABILITY_NEW succeeded with the following output:
Change Dir: /home/vagrant/hello-world-pass/build/CMakeFiles/CMakeTmp

Run Build Command(s):/usr/bin/make cmTC_112eb/fast && /usr/bin/make  -f CMakeFiles/cmTC_112eb.dir/build.make CMakeFiles/cmTC_112eb.dir/build
make[1]: Entering directory '/home/vagrant/hello-world-pass/build/CMakeFiles/CMakeTmp'
Building C object CMakeFiles/cmTC_112eb.dir/src.c.o
/usr/local/bin/clang   -fPIC -Werror=date-time -DC_SUPPORTS_WERROR_UNGUARDED_AVAILABILITY_NEW   -Werror -Werror=unguarded-availability-new -o CMakeFiles/cmTC_112eb.dir/src.c.o   -c /home/vagrant/hello-world-pass/build/CMakeFiles/CMakeTmp/src.c
Linking C executable cmTC_112eb
/usr/local/bin/cmake -E cmake_link_script CMakeFiles/cmTC_112eb.dir/link.txt --verbose=1
/usr/local/bin/clang  -fPIC -Werror=date-time -DC_SUPPORTS_WERROR_UNGUARDED_AVAILABILITY_NEW    CMakeFiles/cmTC_112eb.dir/src.c.o  -o cmTC_112eb 
make[1]: Leaving directory '/home/vagrant/hello-world-pass/build/CMakeFiles/CMakeTmp'


Source file was:
int main(void) { return 0; }
Performing C++ SOURCE FILE Test CXX_SUPPORTS_WERROR_UNGUARDED_AVAILABILITY_NEW succeeded with the following output:
Change Dir: /home/vagrant/hello-world-pass/build/CMakeFiles/CMakeTmp

Run Build Command(s):/usr/bin/make cmTC_f955f/fast && /usr/bin/make  -f CMakeFiles/cmTC_f955f.dir/build.make CMakeFiles/cmTC_f955f.dir/build
make[1]: Entering directory '/home/vagrant/hello-world-pass/build/CMakeFiles/CMakeTmp'
Building CXX object CMakeFiles/cmTC_f955f.dir/src.cxx.o
/usr/local/bin/clang++    -fPIC -fvisibility-inlines-hidden -Werror=date-time -DCXX_SUPPORTS_WERROR_UNGUARDED_AVAILABILITY_NEW   -Werror -Werror=unguarded-availability-new -o CMakeFiles/cmTC_f955f.dir/src.cxx.o -c /home/vagrant/hello-world-pass/build/CMakeFiles/CMakeTmp/src.cxx
Linking CXX executable cmTC_f955f
/usr/local/bin/cmake -E cmake_link_script CMakeFiles/cmTC_f955f.dir/link.txt --verbose=1
/usr/local/bin/clang++   -fPIC -fvisibility-inlines-hidden -Werror=date-time -DCXX_SUPPORTS_WERROR_UNGUARDED_AVAILABILITY_NEW    CMakeFiles/cmTC_f955f.dir/src.cxx.o  -o cmTC_f955f 
make[1]: Leaving directory '/home/vagrant/hello-world-pass/build/CMakeFiles/CMakeTmp'


Source file was:
int main() { return 0; }
Performing C++ SOURCE FILE Test CXX_SUPPORTS_CXX11 succeeded with the following output:
Change Dir: /home/vagrant/hello-world-pass/build/CMakeFiles/CMakeTmp

Run Build Command(s):/usr/bin/make cmTC_4b4eb/fast && /usr/bin/make  -f CMakeFiles/cmTC_4b4eb.dir/build.make CMakeFiles/cmTC_4b4eb.dir/build
make[1]: Entering directory '/home/vagrant/hello-world-pass/build/CMakeFiles/CMakeTmp'
Building CXX object CMakeFiles/cmTC_4b4eb.dir/src.cxx.o
/usr/local/bin/clang++    -fPIC -fvisibility-inlines-hidden -Werror=date-time -Werror=unguarded-availability-new -DCXX_SUPPORTS_CXX11   -std=c++11 -o CMakeFiles/cmTC_4b4eb.dir/src.cxx.o -c /home/vagrant/hello-world-pass/build/CMakeFiles/CMakeTmp/src.cxx
Linking CXX executable cmTC_4b4eb
/usr/local/bin/cmake -E cmake_link_script CMakeFiles/cmTC_4b4eb.dir/link.txt --verbose=1
/usr/local/bin/clang++   -fPIC -fvisibility-inlines-hidden -Werror=date-time -Werror=unguarded-availability-new -DCXX_SUPPORTS_CXX11    CMakeFiles/cmTC_4b4eb.dir/src.cxx.o  -o cmTC_4b4eb 
make[1]: Leaving directory '/home/vagrant/hello-world-pass/build/CMakeFiles/CMakeTmp'


Source file was:
int main() { return 0; }
Performing C SOURCE FILE Test C_SUPPORTS_FNO_FUNCTION_SECTIONS succeeded with the following output:
Change Dir: /home/vagrant/hello-world-pass/build/CMakeFiles/CMakeTmp

Run Build Command(s):/usr/bin/make cmTC_e2974/fast && /usr/bin/make  -f CMakeFiles/cmTC_e2974.dir/build.make CMakeFiles/cmTC_e2974.dir/build
make[1]: Entering directory '/home/vagrant/hello-world-pass/build/CMakeFiles/CMakeTmp'
Building C object CMakeFiles/cmTC_e2974.dir/src.c.o
/usr/local/bin/clang   -fPIC -Werror=date-time -Werror=unguarded-availability-new -w -DC_SUPPORTS_FNO_FUNCTION_SECTIONS   -Werror -fno-function-sections -o CMakeFiles/cmTC_e2974.dir/src.c.o   -c /home/vagrant/hello-world-pass/build/CMakeFiles/CMakeTmp/src.c
Linking C executable cmTC_e2974
/usr/local/bin/cmake -E cmake_link_script CMakeFiles/cmTC_e2974.dir/link.txt --verbose=1
/usr/local/bin/clang  -fPIC -Werror=date-time -Werror=unguarded-availability-new -w -DC_SUPPORTS_FNO_FUNCTION_SECTIONS    CMakeFiles/cmTC_e2974.dir/src.c.o  -o cmTC_e2974 
make[1]: Leaving directory '/home/vagrant/hello-world-pass/build/CMakeFiles/CMakeTmp'


Source file was:
int main(void) { return 0; }
Performing C SOURCE FILE Test C_SUPPORTS_FFUNCTION_SECTIONS succeeded with the following output:
Change Dir: /home/vagrant/hello-world-pass/build/CMakeFiles/CMakeTmp

Run Build Command(s):/usr/bin/make cmTC_b5b98/fast && /usr/bin/make  -f CMakeFiles/cmTC_b5b98.dir/build.make CMakeFiles/cmTC_b5b98.dir/build
make[1]: Entering directory '/home/vagrant/hello-world-pass/build/CMakeFiles/CMakeTmp'
Building C object CMakeFiles/cmTC_b5b98.dir/src.c.o
/usr/local/bin/clang   -fPIC -Werror=date-time -Werror=unguarded-availability-new -w -DC_SUPPORTS_FFUNCTION_SECTIONS   -Werror -ffunction-sections -o CMakeFiles/cmTC_b5b98.dir/src.c.o   -c /home/vagrant/hello-world-pass/build/CMakeFiles/CMakeTmp/src.c
Linking C executable cmTC_b5b98
/usr/local/bin/cmake -E cmake_link_script CMakeFiles/cmTC_b5b98.dir/link.txt --verbose=1
/usr/local/bin/clang  -fPIC -Werror=date-time -Werror=unguarded-availability-new -w -DC_SUPPORTS_FFUNCTION_SECTIONS    CMakeFiles/cmTC_b5b98.dir/src.c.o  -o cmTC_b5b98 
make[1]: Leaving directory '/home/vagrant/hello-world-pass/build/CMakeFiles/CMakeTmp'


Source file was:
int main(void) { return 0; }
Performing C++ SOURCE FILE Test CXX_SUPPORTS_FFUNCTION_SECTIONS succeeded with the following output:
Change Dir: /home/vagrant/hello-world-pass/build/CMakeFiles/CMakeTmp

Run Build Command(s):/usr/bin/make cmTC_60d8b/fast && /usr/bin/make  -f CMakeFiles/cmTC_60d8b.dir/build.make CMakeFiles/cmTC_60d8b.dir/build
make[1]: Entering directory '/home/vagrant/hello-world-pass/build/CMakeFiles/CMakeTmp'
Building CXX object CMakeFiles/cmTC_60d8b.dir/src.cxx.o
/usr/local/bin/clang++    -fPIC -fvisibility-inlines-hidden -Werror=date-time -Werror=unguarded-availability-new -std=c++11 -w -DCXX_SUPPORTS_FFUNCTION_SECTIONS   -Werror -ffunction-sections -o CMakeFiles/cmTC_60d8b.dir/src.cxx.o -c /home/vagrant/hello-world-pass/build/CMakeFiles/CMakeTmp/src.cxx
Linking CXX executable cmTC_60d8b
/usr/local/bin/cmake -E cmake_link_script CMakeFiles/cmTC_60d8b.dir/link.txt --verbose=1
/usr/local/bin/clang++   -fPIC -fvisibility-inlines-hidden -Werror=date-time -Werror=unguarded-availability-new -std=c++11 -w -DCXX_SUPPORTS_FFUNCTION_SECTIONS    CMakeFiles/cmTC_60d8b.dir/src.cxx.o  -o cmTC_60d8b 
make[1]: Leaving directory '/home/vagrant/hello-world-pass/build/CMakeFiles/CMakeTmp'


Source file was:
int main() { return 0; }
Performing C SOURCE FILE Test C_SUPPORTS_FDATA_SECTIONS succeeded with the following output:
Change Dir: /home/vagrant/hello-world-pass/build/CMakeFiles/CMakeTmp

Run Build Command(s):/usr/bin/make cmTC_ae8f9/fast && /usr/bin/make  -f CMakeFiles/cmTC_ae8f9.dir/build.make CMakeFiles/cmTC_ae8f9.dir/build
make[1]: Entering directory '/home/vagrant/hello-world-pass/build/CMakeFiles/CMakeTmp'
Building C object CMakeFiles/cmTC_ae8f9.dir/src.c.o
/usr/local/bin/clang   -fPIC -Werror=date-time -Werror=unguarded-availability-new -w -ffunction-sections -DC_SUPPORTS_FDATA_SECTIONS   -Werror -fdata-sections -o CMakeFiles/cmTC_ae8f9.dir/src.c.o   -c /home/vagrant/hello-world-pass/build/CMakeFiles/CMakeTmp/src.c
Linking C executable cmTC_ae8f9
/usr/local/bin/cmake -E cmake_link_script CMakeFiles/cmTC_ae8f9.dir/link.txt --verbose=1
/usr/local/bin/clang  -fPIC -Werror=date-time -Werror=unguarded-availability-new -w -ffunction-sections -DC_SUPPORTS_FDATA_SECTIONS    CMakeFiles/cmTC_ae8f9.dir/src.c.o  -o cmTC_ae8f9 
make[1]: Leaving directory '/home/vagrant/hello-world-pass/build/CMakeFiles/CMakeTmp'


Source file was:
int main(void) { return 0; }
Performing C++ SOURCE FILE Test CXX_SUPPORTS_FDATA_SECTIONS succeeded with the following output:
Change Dir: /home/vagrant/hello-world-pass/build/CMakeFiles/CMakeTmp

Run Build Command(s):/usr/bin/make cmTC_338e8/fast && /usr/bin/make  -f CMakeFiles/cmTC_338e8.dir/build.make CMakeFiles/cmTC_338e8.dir/build
make[1]: Entering directory '/home/vagrant/hello-world-pass/build/CMakeFiles/CMakeTmp'
Building CXX object CMakeFiles/cmTC_338e8.dir/src.cxx.o
/usr/local/bin/clang++    -fPIC -fvisibility-inlines-hidden -Werror=date-time -Werror=unguarded-availability-new -std=c++11 -w -ffunction-sections -DCXX_SUPPORTS_FDATA_SECTIONS   -Werror -fdata-sections -o CMakeFiles/cmTC_338e8.dir/src.cxx.o -c /home/vagrant/hello-world-pass/build/CMakeFiles/CMakeTmp/src.cxx
Linking CXX executable cmTC_338e8
/usr/local/bin/cmake -E cmake_link_script CMakeFiles/cmTC_338e8.dir/link.txt --verbose=1
/usr/local/bin/clang++   -fPIC -fvisibility-inlines-hidden -Werror=date-time -Werror=unguarded-availability-new -std=c++11 -w -ffunction-sections -DCXX_SUPPORTS_FDATA_SECTIONS    CMakeFiles/cmTC_338e8.dir/src.cxx.o  -o cmTC_338e8 
make[1]: Leaving directory '/home/vagrant/hello-world-pass/build/CMakeFiles/CMakeTmp'


Source file was:
int main() { return 0; }
